gcc -Wall -Wundef -Wwrite-strings -Wmissing-prototypes -c -o /var/folders/nm/r2d_4xxx713btwr_52f4wv5c0000gn/T//charm-conf-10357-16759-31417.o /var/folders/nm/r2d_4xxx713btwr_52f4wv5c0000gn/T//charm-conf-4823-16759-18187.c
/var/folders/nm/r2d_4xxx713btwr_52f4wv5c0000gn/T//charm-conf-4823-16759-18187.c:2:2: error: Not defined
#error Not defined
 ^
1 error generated.
gcc -Wall -Wundef -Wwrite-strings -Wmissing-prototypes -c -o /var/folders/nm/r2d_4xxx713btwr_52f4wv5c0000gn/T//charm-conf-10357-16759-31417.o /var/folders/nm/r2d_4xxx713btwr_52f4wv5c0000gn/T//charm-conf-4823-16759-18187.c
gcc -Wall -Wundef -Wwrite-strings -Wmissing-prototypes -c -o /var/folders/nm/r2d_4xxx713btwr_52f4wv5c0000gn/T//charm-conf-10357-16759-31417.o /var/folders/nm/r2d_4xxx713btwr_52f4wv5c0000gn/T//charm-conf-4823-16759-18187.c
/var/folders/nm/r2d_4xxx713btwr_52f4wv5c0000gn/T//charm-conf-4823-16759-18187.c:2:2: error: Not defined
#error Not defined
 ^
1 error generated.
gcc -Wall -Wundef -Wwrite-strings -Wmissing-prototypes -c -o /var/folders/nm/r2d_4xxx713btwr_52f4wv5c0000gn/T//charm-conf-10357-16759-31417.o /var/folders/nm/r2d_4xxx713btwr_52f4wv5c0000gn/T//charm-conf-4823-16759-18187.c
/var/folders/nm/r2d_4xxx713btwr_52f4wv5c0000gn/T//charm-conf-4823-16759-18187.c:2:2: error: Not defined
#error Not defined
 ^
1 error generated.
gcc -Wall -Wundef -Wwrite-strings -Wmissing-prototypes -c -o /var/folders/nm/r2d_4xxx713btwr_52f4wv5c0000gn/T//charm-conf-10357-16759-31417.o /var/folders/nm/r2d_4xxx713btwr_52f4wv5c0000gn/T//charm-conf-4823-16759-18187.c
/var/folders/nm/r2d_4xxx713btwr_52f4wv5c0000gn/T//charm-conf-4823-16759-18187.c:2:2: error: Not defined
#error Not defined
 ^
1 error generated.
gcc -Wall -Wundef -Wwrite-strings -Wmissing-prototypes -c -o /var/folders/nm/r2d_4xxx713btwr_52f4wv5c0000gn/T//charm-conf-10357-16759-31417.o /var/folders/nm/r2d_4xxx713btwr_52f4wv5c0000gn/T//charm-conf-4823-16759-18187.c
/var/folders/nm/r2d_4xxx713btwr_52f4wv5c0000gn/T//charm-conf-4823-16759-18187.c:2:2: error: Not defined
#error Not defined
 ^
1 error generated.
gcc -Wall -Wundef -Wwrite-strings -Wmissing-prototypes -c -o /var/folders/nm/r2d_4xxx713btwr_52f4wv5c0000gn/T//charm-conf-10357-16759-31417.o /var/folders/nm/r2d_4xxx713btwr_52f4wv5c0000gn/T//charm-conf-4823-16759-18187.c
/var/folders/nm/r2d_4xxx713btwr_52f4wv5c0000gn/T//charm-conf-4823-16759-18187.c:2:2: error: Not defined
#error Not defined
 ^
1 error generated.
gcc -m64 -Wall -Wundef -Wwrite-strings -Wmissing-prototypes -c -o /var/folders/nm/r2d_4xxx713btwr_52f4wv5c0000gn/T//charm-conf-10357-16759-31417.o /var/folders/nm/r2d_4xxx713btwr_52f4wv5c0000gn/T//charm-conf-4823-16759-18187.c
gcc -m64 -Wall -Wundef -Wwrite-strings -Wmissing-prototypes -Werror -m64 -Wall -Wundef -Wwrite-strings -Wmissing-prototypes -o /var/folders/nm/r2d_4xxx713btwr_52f4wv5c0000gn/T//charm-conf-16867-16759-30088.exe /var/folders/nm/r2d_4xxx713btwr_52f4wv5c0000gn/T//charm-conf-4823-16759-18187.c -m64 -Werror -fstack-protector-all
gcc -m64 -Wall -Wundef -Wwrite-strings -Wmissing-prototypes -fstack-protector-all -Werror -m64 -Wall -Wundef -Wwrite-strings -Wmissing-prototypes -fstack-protector-all -o /var/folders/nm/r2d_4xxx713btwr_52f4wv5c0000gn/T//charm-conf-16867-16759-30088.exe /var/folders/nm/r2d_4xxx713btwr_52f4wv5c0000gn/T//charm-conf-4823-16759-18187.c -m64 -Werror -Wendif-labels
gcc -m64 -Wall -Wundef -Wwrite-strings -Wmissing-prototypes -fstack-protector-all -Wendif-labels -Werror -m64 -Wall -Wundef -Wwrite-strings -Wmissing-prototypes -fstack-protector-all -Wendif-labels -o /var/folders/nm/r2d_4xxx713btwr_52f4wv5c0000gn/T//charm-conf-16867-16759-30088.exe /var/folders/nm/r2d_4xxx713btwr_52f4wv5c0000gn/T//charm-conf-4823-16759-18187.c -m64 -Werror -Wmissing-include-dirs
gcc -m64 -Wall -Wundef -Wwrite-strings -Wmissing-prototypes -fstack-protector-all -Wendif-labels -Wmissing-include-dirs -Werror -m64 -Wall -Wundef -Wwrite-strings -Wmissing-prototypes -fstack-protector-all -Wendif-labels -Wmissing-include-dirs -o /var/folders/nm/r2d_4xxx713btwr_52f4wv5c0000gn/T//charm-conf-16867-16759-30088.exe /var/folders/nm/r2d_4xxx713btwr_52f4wv5c0000gn/T//charm-conf-4823-16759-18187.c -m64 -Werror -Wempty-body
gcc -m64 -Wall -Wundef -Wwrite-strings -Wmissing-prototypes -fstack-protector-all -Wendif-labels -Wmissing-include-dirs -Wempty-body -Werror -m64 -Wall -Wundef -Wwrite-strings -Wmissing-prototypes -fstack-protector-all -Wendif-labels -Wmissing-include-dirs -Wempty-body -o /var/folders/nm/r2d_4xxx713btwr_52f4wv5c0000gn/T//charm-conf-16867-16759-30088.exe /var/folders/nm/r2d_4xxx713btwr_52f4wv5c0000gn/T//charm-conf-4823-16759-18187.c -m64 -Werror -Wnested-externs
gcc -m64 -Wall -Wundef -Wwrite-strings -Wmissing-prototypes -fstack-protector-all -Wendif-labels -Wmissing-include-dirs -Wempty-body -Wnested-externs -Werror -m64 -Wall -Wundef -Wwrite-strings -Wmissing-prototypes -fstack-protector-all -Wendif-labels -Wmissing-include-dirs -Wempty-body -Wnested-externs -o /var/folders/nm/r2d_4xxx713btwr_52f4wv5c0000gn/T//charm-conf-16867-16759-30088.exe /var/folders/nm/r2d_4xxx713btwr_52f4wv5c0000gn/T//charm-conf-4823-16759-18187.c -m64 -Werror -Wformat-security
gcc -m64 -Wall -Wundef -Wwrite-strings -Wmissing-prototypes -fstack-protector-all -Wendif-labels -Wmissing-include-dirs -Wempty-body -Wnested-externs -Wformat-security -Werror -m64 -Wall -Wundef -Wwrite-strings -Wmissing-prototypes -fstack-protector-all -Wendif-labels -Wmissing-include-dirs -Wempty-body -Wnested-externs -Wformat-security -o /var/folders/nm/r2d_4xxx713btwr_52f4wv5c0000gn/T//charm-conf-16867-16759-30088.exe /var/folders/nm/r2d_4xxx713btwr_52f4wv5c0000gn/T//charm-conf-4823-16759-18187.c -m64 -Werror -Wformat-y2k
gcc -m64 -Wall -Wundef -Wwrite-strings -Wmissing-prototypes -fstack-protector-all -Wendif-labels -Wmissing-include-dirs -Wempty-body -Wnested-externs -Wformat-security -Wformat-y2k -Werror -m64 -Wall -Wundef -Wwrite-strings -Wmissing-prototypes -fstack-protector-all -Wendif-labels -Wmissing-include-dirs -Wempty-body -Wnested-externs -Wformat-security -Wformat-y2k -o /var/folders/nm/r2d_4xxx713btwr_52f4wv5c0000gn/T//charm-conf-16867-16759-30088.exe /var/folders/nm/r2d_4xxx713btwr_52f4wv5c0000gn/T//charm-conf-4823-16759-18187.c -m64 -Werror -Winit-self
gcc -m64 -Wall -Wundef -Wwrite-strings -Wmissing-prototypes -fstack-protector-all -Wendif-labels -Wmissing-include-dirs -Wempty-body -Wnested-externs -Wformat-security -Wformat-y2k -Winit-self -Werror -m64 -Wall -Wundef -Wwrite-strings -Wmissing-prototypes -fstack-protector-all -Wendif-labels -Wmissing-include-dirs -Wempty-body -Wnested-externs -Wformat-security -Wformat-y2k -Winit-self -o /var/folders/nm/r2d_4xxx713btwr_52f4wv5c0000gn/T//charm-conf-16867-16759-30088.exe /var/folders/nm/r2d_4xxx713btwr_52f4wv5c0000gn/T//charm-conf-4823-16759-18187.c -m64 -Werror -Wignored-qualifiers
gcc -m64 -Wall -Wundef -Wwrite-strings -Wmissing-prototypes -fstack-protector-all -Wendif-labels -Wmissing-include-dirs -Wempty-body -Wnested-externs -Wformat-security -Wformat-y2k -Winit-self -Wignored-qualifiers -Werror -m64 -Wall -Wundef -Wwrite-strings -Wmissing-prototypes -fstack-protector-all -Wendif-labels -Wmissing-include-dirs -Wempty-body -Wnested-externs -Wformat-security -Wformat-y2k -Winit-self -Wignored-qualifiers -o /var/folders/nm/r2d_4xxx713btwr_52f4wv5c0000gn/T//charm-conf-16867-16759-30088.exe /var/folders/nm/r2d_4xxx713btwr_52f4wv5c0000gn/T//charm-conf-4823-16759-18187.c -m64 -Werror -Wold-style-declaration
error: unknown warning option '-Wold-style-declaration'; did you mean '-Wout-of-line-declaration'? [-Werror,-Wunknown-warning-option]
gcc -m64 -Wall -Wundef -Wwrite-strings -Wmissing-prototypes -fstack-protector-all -Wendif-labels -Wmissing-include-dirs -Wempty-body -Wnested-externs -Wformat-security -Wformat-y2k -Winit-self -Wignored-qualifiers -Werror -m64 -Wall -Wundef -Wwrite-strings -Wmissing-prototypes -fstack-protector-all -Wendif-labels -Wmissing-include-dirs -Wempty-body -Wnested-externs -Wformat-security -Wformat-y2k -Winit-self -Wignored-qualifiers -o /var/folders/nm/r2d_4xxx713btwr_52f4wv5c0000gn/T//charm-conf-16867-16759-30088.exe /var/folders/nm/r2d_4xxx713btwr_52f4wv5c0000gn/T//charm-conf-4823-16759-18187.c -m64 -Werror -Wold-style-definition
gcc -m64 -Wall -Wundef -Wwrite-strings -Wmissing-prototypes -fstack-protector-all -Wendif-labels -Wmissing-include-dirs -Wempty-body -Wnested-externs -Wformat-security -Wformat-y2k -Winit-self -Wignored-qualifiers -Wold-style-definition -Werror -m64 -Wall -Wundef -Wwrite-strings -Wmissing-prototypes -fstack-protector-all -Wendif-labels -Wmissing-include-dirs -Wempty-body -Wnested-externs -Wformat-security -Wformat-y2k -Winit-self -Wignored-qualifiers -Wold-style-definition -o /var/folders/nm/r2d_4xxx713btwr_52f4wv5c0000gn/T//charm-conf-16867-16759-30088.exe /var/folders/nm/r2d_4xxx713btwr_52f4wv5c0000gn/T//charm-conf-4823-16759-18187.c -m64 -Werror -Wtype-limits
gcc -m64 -Wall -Wundef -Wwrite-strings -Wmissing-prototypes -fstack-protector-all -Wendif-labels -Wmissing-include-dirs -Wempty-body -Wnested-externs -Wformat-security -Wformat-y2k -Winit-self -Wignored-qualifiers -Wold-style-definition -Wtype-limits -o /var/folders/nm/r2d_4xxx713btwr_52f4wv5c0000gn/T//charm-conf-16867-16759-30088.exe /var/folders/nm/r2d_4xxx713btwr_52f4wv5c0000gn/T//charm-conf-4823-16759-18187.c -m64
gcc -m64 -Wall -Wundef -Wwrite-strings -Wmissing-prototypes -fstack-protector-all -Wendif-labels -Wmissing-include-dirs -Wempty-body -Wnested-externs -Wformat-security -Wformat-y2k -Winit-self -Wignored-qualifiers -Wold-style-definition -Wtype-limits -c -o /var/folders/nm/r2d_4xxx713btwr_52f4wv5c0000gn/T//charm-conf-10357-16759-31417.o /var/folders/nm/r2d_4xxx713btwr_52f4wv5c0000gn/T//charm-conf-4823-16759-18187.c
gcc -m64 -Wall -Wundef -Wwrite-strings -Wmissing-prototypes -fstack-protector-all -Wendif-labels -Wmissing-include-dirs -Wempty-body -Wnested-externs -Wformat-security -Wformat-y2k -Winit-self -Wignored-qualifiers -Wold-style-definition -Wtype-limits -o /var/folders/nm/r2d_4xxx713btwr_52f4wv5c0000gn/T//charm-conf-16867-16759-30088.exe /var/folders/nm/r2d_4xxx713btwr_52f4wv5c0000gn/T//charm-conf-4823-16759-18187.c -m64
gcc -m64 -Wall -Wundef -Wwrite-strings -Wmissing-prototypes -fstack-protector-all -Wendif-labels -Wmissing-include-dirs -Wempty-body -Wnested-externs -Wformat-security -Wformat-y2k -Winit-self -Wignored-qualifiers -Wold-style-definition -Wtype-limits -o /var/folders/nm/r2d_4xxx713btwr_52f4wv5c0000gn/T//charm-conf-16867-16759-30088.exe /var/folders/nm/r2d_4xxx713btwr_52f4wv5c0000gn/T//charm-conf-4823-16759-18187.c -m64
